{
  "0 debug pnpm:scope": {
    "selected": 1
  },
  "1 info pnpm": {
    "err": {
      "name": "Error",
      "message": "not found: ad",
      "code": "ENOENT",
      "stack": "Error: not found: ad\n    at getNotFoundError (D:\\Node.js\\node_global\\node_modules\\pnpm\\dist\\pnpm.cjs:41493:51)\n    at Function.whichSync [as sync] (D:\\Node.js\\node_global\\node_modules\\pnpm\\dist\\pnpm.cjs:41570:13)\n    at getCommandAbsolutePathSync (D:\\Node.js\\node_global\\node_modules\\pnpm\\dist\\pnpm.cjs:43135:44)\n    at default_1 (D:\\Node.js\\node_global\\node_modules\\pnpm\\dist\\pnpm.cjs:43144:32)\n    at D:\\Node.js\\node_global\\node_modules\\pnpm\\dist\\pnpm.cjs:176351:39"
    }
  },
  "2 error pnpm": {
    "code": "ERR_PNPM_RECURSIVE_EXEC_FIRST_FAIL",
    "prefix": "D:\\git.workspace\\vue\\vite-vue-ts",
    "err": {
      "name": "pnpm",
      "message": "not found: ad",
      "code": "ERR_PNPM_RECURSIVE_EXEC_FIRST_FAIL",
      "stack": "Error: not found: ad\n    at getNotFoundError (D:\\Node.js\\node_global\\node_modules\\pnpm\\dist\\pnpm.cjs:41493:51)\n    at Function.whichSync [as sync] (D:\\Node.js\\node_global\\node_modules\\pnpm\\dist\\pnpm.cjs:41570:13)\n    at getCommandAbsolutePathSync (D:\\Node.js\\node_global\\node_modules\\pnpm\\dist\\pnpm.cjs:43135:44)\n    at default_1 (D:\\Node.js\\node_global\\node_modules\\pnpm\\dist\\pnpm.cjs:43144:32)\n    at D:\\Node.js\\node_global\\node_modules\\pnpm\\dist\\pnpm.cjs:176351:39"
    }
  }
}